<?xml version="1.0" encoding="UTF-8"?>
<!-- Generated by org.testng.reporters.JUnitReportReporter -->
<testsuite hostname="Lenovo-PC" name="com.runner.TestRunner" tests="2" failures="0" timestamp="9 Jun 2017 14:32:15 GMT" time="0.203" errors="0">
  <testcase name="feature" time="0.191" classname="com.runner.TestRunner"/>
  <testcase name="feature" time="0.012" classname="com.runner.TestRunner"/>
</testsuite> <!-- com.runner.TestRunner -->
