<?xml version="1.0" encoding="UTF-8"?>
<!-- Generated by org.testng.reporters.JUnitReportReporter -->
<testsuite hostname="Lenovo-PC" name="com.runner.TestRunner" tests="2" failures="0" timestamp="8 Jun 2017 20:17:24 GMT" time="0.200" errors="0">
  <testcase name="feature" time="0.179" classname="com.runner.TestRunner"/>
  <testcase name="feature" time="0.021" classname="com.runner.TestRunner"/>
</testsuite> <!-- com.runner.TestRunner -->
